<?xml version="1.0" encoding="UTF-8"?>
<testsuite xmlns:xsi="http://www.w3.org/2001/XMLSchema-instance" xsi:noNamespaceSchemaLocation="https://maven.apache.org/surefire/maven-surefire-plugin/xsd/surefire-test-report.xsd" version="3.0.2" name="com.FXplore.fx_rate_service.RateServiceTest" time="2.775" tests="18" errors="0" skipped="0" failures="0" flakes="0">
  <properties>
[...]
</properties>
  <testcase name="testStalenessDetection_Stale" classname="com.FXplore.fx_rate_service.RateServiceTest" time="2.333"/>
  <testcase name="testGetEodFixing_NotFound" classname="com.FXplore.fx_rate_service.RateServiceTest" time="0.017"/>
  <testcase name="testRatePersistence" classname="com.FXplore.fx_rate_service.RateServiceTest" time="0.048"/>
  <testcase name="testRateRetrieval_Fallback" classname="com.FXplore.fx_rate_service.RateServiceTest" time="0.013"/>
  <testcase name="testGetCurrencyPairByCode_Success" classname="com.FXplore.fx_rate_service.RateServiceTest" time="0.015"/>
  <testcase name="testRateHistory_FutureDate" classname="com.FXplore.fx_rate_service.RateServiceTest" time="0.018"/>
  <testcase name="testCurrencyConversion" classname="com.FXplore.fx_rate_service.RateServiceTest" time="0.009"/>
  <testcase name="testGetCurrencyPairByCode_NotFound" classname="com.FXplore.fx_rate_service.RateServiceTest" time="0.012"/>
  <testcase name="testGetRateProviderByCode_Success" classname="com.FXplore.fx_rate_service.RateServiceTest" time="0.011"/>
  <testcase name="testStalenessDetection_Boundary" classname="com.FXplore.fx_rate_service.RateServiceTest" time="0.008"/>
  <testcase name="testGetEodFixing_Success" classname="com.FXplore.fx_rate_service.RateServiceTest" time="0.01"/>
  <testcase name="testEdgeCases(BigDecimal, String, boolean, Class)[1]" classname="com.FXplore.fx_rate_service.RateServiceTest" time="0.034"/>
  <testcase name="testEdgeCases(BigDecimal, String, boolean, Class)[2]" classname="com.FXplore.fx_rate_service.RateServiceTest" time="0.01"/>
  <testcase name="testEdgeCases(BigDecimal, String, boolean, Class)[3]" classname="com.FXplore.fx_rate_service.RateServiceTest" time="0.009"/>
  <testcase name="testGetRateProviderByCode_NotFound" classname="com.FXplore.fx_rate_service.RateServiceTest" time="0.008"/>
  <testcase name="testCalculateCrossRate_Success" classname="com.FXplore.fx_rate_service.RateServiceTest" time="0.01"/>
  <testcase name="testCalculateCrossRate_MissingLeg" classname="com.FXplore.fx_rate_service.RateServiceTest" time="0.007"/>
  <testcase name="testCurrencyConversion_SameCurrency" classname="com.FXplore.fx_rate_service.RateServiceTest" time="0.006"/>
</testsuite>